androidApp/build/intermediates/manifest_merge_blame_file/debug/manifest-merger-blame-debug-report.txt
1<?xml version="1.0" encoding="utf-8"?>
2<manifest xmlns:android="http://schemas.android.com/apk/res/android"
3    package="dk.shape.kmpweather.androidApp"
4    android:versionCode="1"
5    android:versionName="1.0" >
6
7    <uses-sdk
8        android:minSdkVersion="24"
8-->src/main/AndroidManifest.xml
9        android:targetSdkVersion="29" />
9-->src/main/AndroidManifest.xml
10
11    <uses-permission android:name="android.permission.INTERNET" />
11-->src/main/AndroidManifest.xml:4:5-66
11-->src/main/AndroidManifest.xml:4:22-64
12
13    <application
13-->src/main/AndroidManifest.xml:5:5-16:19
14        android:name="dk.shape.kmpweather.androidApp.AndroidApp"
14-->src/main/AndroidManifest.xml:6:9-35
15        android:allowBackup="false"
15-->src/main/AndroidManifest.xml:7:9-36
16        android:appComponentFactory="androidx.core.app.CoreComponentFactory"
16-->[androidx.core:core:1.3.1] AndroidManifest.xml:24:18-86
17        android:debuggable="true"
18        android:extractNativeLibs="false"
19        android:supportsRtl="true"
19-->src/main/AndroidManifest.xml:8:9-35
20        android:testOnly="true"
21        android:theme="@style/AppTheme" >
21-->src/main/AndroidManifest.xml:9:9-40
22        <activity android:name="dk.shape.kmpweather.androidApp.MainActivity" >
22-->src/main/AndroidManifest.xml:10:9-15:20
22-->src/main/AndroidManifest.xml:10:19-47
23            <intent-filter>
23-->src/main/AndroidManifest.xml:11:13-14:29
24                <action android:name="android.intent.action.MAIN" />
24-->src/main/AndroidManifest.xml:12:17-69
24-->src/main/AndroidManifest.xml:12:25-66
25
26                <category android:name="android.intent.category.LAUNCHER" />
26-->src/main/AndroidManifest.xml:13:17-77
26-->src/main/AndroidManifest.xml:13:27-74
27            </intent-filter>
28        </activity>
29    </application>
30
31</manifest>